<?xml version="1.0" encoding="UTF-8"?>
<testng-results skipped="0" failed="0" ignored="0" total="1" passed="1">
  <reporter-output>
  </reporter-output>
  <suite name="Default suite" duration-ms="3629" started-at="2021-02-17T18:32:43 IST" finished-at="2021-02-17T18:32:47 IST">
    <groups>
    </groups>
    <test name="Default test" duration-ms="3629" started-at="2021-02-17T18:32:43 IST" finished-at="2021-02-17T18:32:47 IST">
      <class name="com.rmg.projecttest.VerifySpecifiProjectAPI_DB_GUI">
        <test-method status="PASS" signature="createProject()[pri:0, instance:com.rmg.projecttest.VerifySpecifiProjectAPI_DB_GUI@a7e666]" name="createProject" duration-ms="3564" started-at="2021-02-17T18:32:43 IST" finished-at="2021-02-17T18:32:47 IST">
          <reporter-output>
          </reporter-output>
        </test-method> <!-- createProject -->
      </class> <!-- com.rmg.projecttest.VerifySpecifiProjectAPI_DB_GUI -->
    </test> <!-- Default test -->
  </suite> <!-- Default suite -->
</testng-results>
